This file contains any messages produced by compilers while
running configure, to aid debugging if configure makes a mistake.

It was created by LinBox configure 1.2.1, which was
generated by GNU Autoconf 2.68.  Invocation command line was

  $ ./configure --enable-maintainer-mode --prefix=/home/mwezz/LinBox --with-blas=/usr/local/atlas/ --with-fflas-ffpack=/home/youse/software/ --with-givaro=/home/youse/software/

## --------- ##
## Platform. ##
## --------- ##

hostname = capri
uname -m = x86_64
uname -r = 2.6.37.6-0.7-default
uname -s = Linux
uname -v = #1 SMP 2011-07-21 02:17:24 +0200

/usr/bin/uname -p = unknown
/bin/uname -X     = unknown

/bin/arch              = x86_64
/usr/bin/arch -k       = unknown
/usr/convex/getsysinfo = unknown
/usr/bin/hostinfo      = unknown
/bin/machine           = unknown
/usr/bin/oslevel       = unknown
/bin/universe          = unknown

PATH: /usr/local/cuda/bin
PATH: /data/software/eclipse
PATH: /usr/local/cuda/bin
PATH: /data/software/eclipse
PATH: /usr/lib64/mpi/gcc/openmpi/bin
PATH: /usr/local/bin
PATH: /usr/bin
PATH: /bin
PATH: /usr/bin/X11
PATH: /usr/X11R6/bin
PATH: /usr/games
PATH: /usr/local/cuda/bin
PATH: /usr/local/eclipse
PATH: /home/mwezz/bin
PATH: /data/software/eclipse
PATH: /usr/local/cuda/bin


## ----------- ##
## Core tests. ##
## ----------- ##

configure:2813: checking for a BSD-compatible install
configure:2881: result: /usr/bin/install -c
configure:2892: checking whether build environment is sane
configure:2942: result: yes
configure:3083: checking for a thread-safe mkdir -p
configure:3122: result: /bin/mkdir -p
configure:3135: checking for gawk
configure:3151: found /usr/bin/gawk
configure:3162: result: gawk
configure:3173: checking whether make sets $(MAKE)
configure:3195: result: yes
configure:3284: checking for rm
configure:3302: found /bin/rm
configure:3315: result: /bin/rm
configure:3327: checking whether to enable maintainer-specific portions of Makefiles
configure:3336: result: yes
configure:3398: checking whether to enable debugging options in the library
configure:3407: result: no
configure:3420: checking whether to enable profiling everything in the library
configure:3429: result: no
configure:3442: checking whether to enable warnings when compiling the library
configure:3451: result: no
configure:3528: checking for g++
configure:3544: found /usr/bin/g++
configure:3555: result: g++
configure:3582: checking for C++ compiler version
configure:3591: g++ --version >&5
g++ (SUSE Linux) 4.5.1 20101208 [gcc-4_5-branch revision 167585]
Copyright (C) 2010 Free Software Foundation, Inc.
This is free software; see the source for copying conditions.  There is NO
warranty; not even for MERCHANTABILITY or FITNESS FOR A PARTICULAR PURPOSE.

configure:3602: $? = 0
configure:3591: g++ -v >&5
Using built-in specs.
COLLECT_GCC=g++
COLLECT_LTO_WRAPPER=/usr/lib64/gcc/x86_64-suse-linux/4.5/lto-wrapper
Target: x86_64-suse-linux
Configured with: ../configure --prefix=/usr --infodir=/usr/share/info --mandir=/usr/share/man --libdir=/usr/lib64 --libexecdir=/usr/lib64 --enable-languages=c,c++,objc,fortran,obj-c++,java,ada --enable-checking=release --with-gxx-include-dir=/usr/include/c++/4.5 --enable-ssp --disable-libssp --disable-plugin --with-bugurl=http://bugs.opensuse.org/ --with-pkgversion='SUSE Linux' --disable-libgcj --disable-libmudflap --with-slibdir=/lib64 --with-system-zlib --enable-__cxa_atexit --enable-libstdcxx-allocator=new --disable-libstdcxx-pch --enable-version-specific-runtime-libs --program-suffix=-4.5 --enable-linux-futex --without-system-libunwind --enable-gold --with-plugin-ld=/usr/bin/gold --with-arch-32=i586 --with-tune=generic --build=x86_64-suse-linux
Thread model: posix
gcc version 4.5.1 20101208 [gcc-4_5-branch revision 167585] (SUSE Linux) 
configure:3602: $? = 0
configure:3591: g++ -V >&5
g++: '-V' option must have argument
configure:3602: $? = 1
configure:3591: g++ -qversion >&5
g++: unrecognized option '-qversion'
g++: no input files
configure:3602: $? = 1
configure:3622: checking whether the C++ compiler works
configure:3644: g++    conftest.cpp  >&5
configure:3648: $? = 0
configure:3696: result: yes
configure:3699: checking for C++ compiler default output file name
configure:3701: result: a.out
configure:3707: checking for suffix of executables
configure:3714: g++ -o conftest    conftest.cpp  >&5
configure:3718: $? = 0
configure:3740: result: 
configure:3762: checking whether we are cross compiling
configure:3770: g++ -o conftest    conftest.cpp  >&5
configure:3774: $? = 0
configure:3781: ./conftest
configure:3785: $? = 0
configure:3800: result: no
configure:3805: checking for suffix of object files
configure:3827: g++ -c   conftest.cpp >&5
configure:3831: $? = 0
configure:3852: result: o
configure:3856: checking whether we are using the GNU C++ compiler
configure:3875: g++ -c   conftest.cpp >&5
configure:3875: $? = 0
configure:3884: result: yes
configure:3893: checking whether g++ accepts -g
configure:3913: g++ -c -g  conftest.cpp >&5
configure:3913: $? = 0
configure:3954: result: yes
configure:3980: checking for family name of compiler
configure:3998: g++ -o conftest    conftest.cpp  >&5
conftest.cpp:15:7: error: 'pas' does not name a type
configure:3998: $? = 1
configure: program exited with status 1
configure: failed program was:
| /* confdefs.h */
| #define PACKAGE_NAME "LinBox"
| #define PACKAGE_TARNAME "linbox"
| #define PACKAGE_VERSION "1.2.1"
| #define PACKAGE_STRING "LinBox 1.2.1"
| #define PACKAGE_BUGREPORT "linbox-use@googlegroups.com"
| #define PACKAGE_URL "http://www.linalg.org/"
| #define PACKAGE "linbox"
| #define VERSION "1.2.1"
| /* end confdefs.h.  */
| 
|            #ifdef __INTEL_COMPILER
| 				int main() { return 0 ; }
| 			#else
| 			   pas intel
| 		   #endif
configure:4027: g++ -o conftest    conftest.cpp  >&5
conftest.cpp:15:8: error: 'pas' does not name a type
configure:4027: $? = 1
configure: program exited with status 1
configure: failed program was:
| /* confdefs.h */
| #define PACKAGE_NAME "LinBox"
| #define PACKAGE_TARNAME "linbox"
| #define PACKAGE_VERSION "1.2.1"
| #define PACKAGE_STRING "LinBox 1.2.1"
| #define PACKAGE_BUGREPORT "linbox-use@googlegroups.com"
| #define PACKAGE_URL "http://www.linalg.org/"
| #define PACKAGE "linbox"
| #define VERSION "1.2.1"
| /* end confdefs.h.  */
| 
| 				#ifdef __PATHSCALE__
| 				   int main() { return !(__PATHCC__ >= 4) ; }
| 			   #else
| 				   pas ekopath non plus.
| 				#endif
configure:4058: g++ -o conftest    conftest.cpp  >&5
configure:4058: $? = 0
configure:4058: ./conftest
configure:4058: $? = 0
configure:4060: result: gcc
configure:4139: checking how to run the C++ preprocessor
configure:4166: g++ -E  conftest.cpp
configure:4166: $? = 0
configure:4180: g++ -E  conftest.cpp
conftest.cpp:11:28: fatal error: ac_nonexistent.h: No such file or directory
compilation terminated.
configure:4180: $? = 1
configure: failed program was:
| /* confdefs.h */
| #define PACKAGE_NAME "LinBox"
| #define PACKAGE_TARNAME "linbox"
| #define PACKAGE_VERSION "1.2.1"
| #define PACKAGE_STRING "LinBox 1.2.1"
| #define PACKAGE_BUGREPORT "linbox-use@googlegroups.com"
| #define PACKAGE_URL "http://www.linalg.org/"
| #define PACKAGE "linbox"
| #define VERSION "1.2.1"
| /* end confdefs.h.  */
| #include <ac_nonexistent.h>
configure:4205: result: g++ -E
configure:4225: g++ -E  conftest.cpp
configure:4225: $? = 0
configure:4239: g++ -E  conftest.cpp
conftest.cpp:11:28: fatal error: ac_nonexistent.h: No such file or directory
compilation terminated.
configure:4239: $? = 1
configure: failed program was:
| /* confdefs.h */
| #define PACKAGE_NAME "LinBox"
| #define PACKAGE_TARNAME "linbox"
| #define PACKAGE_VERSION "1.2.1"
| #define PACKAGE_STRING "LinBox 1.2.1"
| #define PACKAGE_BUGREPORT "linbox-use@googlegroups.com"
| #define PACKAGE_URL "http://www.linalg.org/"
| #define PACKAGE "linbox"
| #define VERSION "1.2.1"
| /* end confdefs.h.  */
| #include <ac_nonexistent.h>
configure:4268: checking for grep that handles long lines and -e
configure:4326: result: /usr/bin/grep
configure:4331: checking for egrep
configure:4393: result: /usr/bin/grep -E
configure:4398: checking for ANSI C header files
configure:4418: g++ -c   conftest.cpp >&5
configure:4418: $? = 0
configure:4491: g++ -o conftest    conftest.cpp  >&5
configure:4491: $? = 0
configure:4491: ./conftest
configure:4491: $? = 0
configure:4502: result: yes
configure:4539: checking build system type
configure:4553: result: x86_64-suse-linux-gnu
configure:4573: checking host system type
configure:4586: result: x86_64-suse-linux-gnu
configure:4654: checking for gcc
configure:4670: found /usr/bin/gcc
configure:4681: result: gcc
configure:4910: checking for C compiler version
configure:4919: gcc --version >&5
gcc (SUSE Linux) 4.5.1 20101208 [gcc-4_5-branch revision 167585]
Copyright (C) 2010 Free Software Foundation, Inc.
This is free software; see the source for copying conditions.  There is NO
warranty; not even for MERCHANTABILITY or FITNESS FOR A PARTICULAR PURPOSE.

configure:4930: $? = 0
configure:4919: gcc -v >&5
Using built-in specs.
COLLECT_GCC=gcc
COLLECT_LTO_WRAPPER=/usr/lib64/gcc/x86_64-suse-linux/4.5/lto-wrapper
Target: x86_64-suse-linux
Configured with: ../configure --prefix=/usr --infodir=/usr/share/info --mandir=/usr/share/man --libdir=/usr/lib64 --libexecdir=/usr/lib64 --enable-languages=c,c++,objc,fortran,obj-c++,java,ada --enable-checking=release --with-gxx-include-dir=/usr/include/c++/4.5 --enable-ssp --disable-libssp --disable-plugin --with-bugurl=http://bugs.opensuse.org/ --with-pkgversion='SUSE Linux' --disable-libgcj --disable-libmudflap --with-slibdir=/lib64 --with-system-zlib --enable-__cxa_atexit --enable-libstdcxx-allocator=new --disable-libstdcxx-pch --enable-version-specific-runtime-libs --program-suffix=-4.5 --enable-linux-futex --without-system-libunwind --enable-gold --with-plugin-ld=/usr/bin/gold --with-arch-32=i586 --with-tune=generic --build=x86_64-suse-linux
Thread model: posix
gcc version 4.5.1 20101208 [gcc-4_5-branch revision 167585] (SUSE Linux) 
configure:4930: $? = 0
configure:4919: gcc -V >&5
gcc: '-V' option must have argument
configure:4930: $? = 1
configure:4919: gcc -qversion >&5
gcc: unrecognized option '-qversion'
gcc: no input files
configure:4930: $? = 1
configure:4934: checking whether we are using the GNU C compiler
configure:4953: gcc -c   conftest.c >&5
configure:4953: $? = 0
configure:4962: result: yes
configure:4971: checking whether gcc accepts -g
configure:4991: gcc -c -g  conftest.c >&5
configure:4991: $? = 0
configure:5032: result: yes
configure:5049: checking for gcc option to accept ISO C89
configure:5113: gcc  -c -g -O2  conftest.c >&5
configure:5113: $? = 0
configure:5126: result: none needed
configure:5146: checking for a sed that does not truncate output
configure:5210: result: /usr/bin/sed
configure:5228: checking for fgrep
configure:5290: result: /usr/bin/grep -F
configure:5325: checking for ld used by gcc
configure:5392: result: /usr/x86_64-suse-linux/bin/ld
configure:5399: checking if the linker (/usr/x86_64-suse-linux/bin/ld) is GNU ld
configure:5414: result: yes
configure:5426: checking for BSD- or MS-compatible name lister (nm)
configure:5475: result: /usr/bin/nm -B
configure:5593: checking the name lister (/usr/bin/nm -B) interface
configure:5600: g++ -c   conftest.cpp >&5
configure:5603: /usr/bin/nm -B "conftest.o"
configure:5606: output
0000000000000000 B some_variable
configure:5613: result: BSD nm
configure:5616: checking whether ln -s works
configure:5620: result: yes
configure:5628: checking the maximum length of command line arguments
configure:5748: result: 1572864
configure:5765: checking whether the shell understands some XSI constructs
configure:5775: result: yes
configure:5779: checking whether the shell understands "+="
configure:5785: result: yes
configure:5820: checking for /usr/x86_64-suse-linux/bin/ld option to reload object files
configure:5827: result: -r
configure:5896: checking for objdump
configure:5912: found /usr/bin/objdump
configure:5923: result: objdump
configure:5955: checking how to recognize dependent libraries
configure:6151: result: pass_all
configure:6211: checking for ar
configure:6227: found /usr/bin/ar
configure:6238: result: ar
configure:6316: checking for strip
configure:6332: found /usr/bin/strip
configure:6343: result: strip
configure:6415: checking for ranlib
configure:6431: found /usr/bin/ranlib
configure:6442: result: ranlib
configure:6532: checking command to parse /usr/bin/nm -B output from gcc object
configure:6650: g++ -c   conftest.cpp >&5
configure:6653: $? = 0
configure:6657: /usr/bin/nm -B conftest.o \| sed -n -e 's/^.*[	 ]\([ABCDGIRSTW][ABCDGIRSTW]*\)[	 ][	 ]*\([_A-Za-z][_A-Za-z0-9]*\)$/\1 \2 \2/p' \> conftest.nm
configure:6660: $? = 0
configure:6714: g++ -o conftest    conftest.cpp conftstm.o >&5
configure:6717: $? = 0
configure:6755: result: ok
configure:6851: g++ -c   conftest.cpp >&5
configure:6854: $? = 0
configure:7564: checking for sys/types.h
configure:7564: g++ -c   conftest.cpp >&5
configure:7564: $? = 0
configure:7564: result: yes
configure:7564: checking for sys/stat.h
configure:7564: g++ -c   conftest.cpp >&5
configure:7564: $? = 0
configure:7564: result: yes
configure:7564: checking for stdlib.h
configure:7564: g++ -c   conftest.cpp >&5
configure:7564: $? = 0
configure:7564: result: yes
configure:7564: checking for string.h
configure:7564: g++ -c   conftest.cpp >&5
configure:7564: $? = 0
configure:7564: result: yes
configure:7564: checking for memory.h
configure:7564: g++ -c   conftest.cpp >&5
configure:7564: $? = 0
configure:7564: result: yes
configure:7564: checking for strings.h
configure:7564: g++ -c   conftest.cpp >&5
configure:7564: $? = 0
configure:7564: result: yes
configure:7564: checking for inttypes.h
configure:7564: g++ -c   conftest.cpp >&5
configure:7564: $? = 0
configure:7564: result: yes
configure:7564: checking for stdint.h
configure:7564: g++ -c   conftest.cpp >&5
configure:7564: $? = 0
configure:7564: result: yes
configure:7564: checking for unistd.h
configure:7564: g++ -c   conftest.cpp >&5
configure:7564: $? = 0
configure:7564: result: yes
configure:7578: checking for dlfcn.h
configure:7578: g++ -c   conftest.cpp >&5
configure:7578: $? = 0
configure:7578: result: yes
configure:7703: checking for C++ compiler version
configure:7712: g++ --version >&5
g++ (SUSE Linux) 4.5.1 20101208 [gcc-4_5-branch revision 167585]
Copyright (C) 2010 Free Software Foundation, Inc.
This is free software; see the source for copying conditions.  There is NO
warranty; not even for MERCHANTABILITY or FITNESS FOR A PARTICULAR PURPOSE.

configure:7723: $? = 0
configure:7712: g++ -v >&5
Using built-in specs.
COLLECT_GCC=g++
COLLECT_LTO_WRAPPER=/usr/lib64/gcc/x86_64-suse-linux/4.5/lto-wrapper
Target: x86_64-suse-linux
Configured with: ../configure --prefix=/usr --infodir=/usr/share/info --mandir=/usr/share/man --libdir=/usr/lib64 --libexecdir=/usr/lib64 --enable-languages=c,c++,objc,fortran,obj-c++,java,ada --enable-checking=release --with-gxx-include-dir=/usr/include/c++/4.5 --enable-ssp --disable-libssp --disable-plugin --with-bugurl=http://bugs.opensuse.org/ --with-pkgversion='SUSE Linux' --disable-libgcj --disable-libmudflap --with-slibdir=/lib64 --with-system-zlib --enable-__cxa_atexit --enable-libstdcxx-allocator=new --disable-libstdcxx-pch --enable-version-specific-runtime-libs --program-suffix=-4.5 --enable-linux-futex --without-system-libunwind --enable-gold --with-plugin-ld=/usr/bin/gold --with-arch-32=i586 --with-tune=generic --build=x86_64-suse-linux
Thread model: posix
gcc version 4.5.1 20101208 [gcc-4_5-branch revision 167585] (SUSE Linux) 
configure:7723: $? = 0
configure:7712: g++ -V >&5
g++: '-V' option must have argument
configure:7723: $? = 1
configure:7712: g++ -qversion >&5
g++: unrecognized option '-qversion'
g++: no input files
configure:7723: $? = 1
configure:7727: checking whether we are using the GNU C++ compiler
configure:7755: result: yes
configure:7764: checking whether g++ accepts -g
configure:7825: result: yes
configure:7856: checking how to run the C++ preprocessor
configure:7922: result: g++ -E
configure:7942: g++ -E  conftest.cpp
configure:7942: $? = 0
configure:7956: g++ -E  conftest.cpp
conftest.cpp:22:28: fatal error: ac_nonexistent.h: No such file or directory
compilation terminated.
configure:7956: $? = 1
configure: failed program was:
| /* confdefs.h */
| #define PACKAGE_NAME "LinBox"
| #define PACKAGE_TARNAME "linbox"
| #define PACKAGE_VERSION "1.2.1"
| #define PACKAGE_STRING "LinBox 1.2.1"
| #define PACKAGE_BUGREPORT "linbox-use@googlegroups.com"
| #define PACKAGE_URL "http://www.linalg.org/"
| #define PACKAGE "linbox"
| #define VERSION "1.2.1"
| #define STDC_HEADERS 1
| #define HAVE_SYS_TYPES_H 1
| #define HAVE_SYS_STAT_H 1
| #define HAVE_STDLIB_H 1
| #define HAVE_STRING_H 1
| #define HAVE_MEMORY_H 1
| #define HAVE_STRINGS_H 1
| #define HAVE_INTTYPES_H 1
| #define HAVE_STDINT_H 1
| #define HAVE_UNISTD_H 1
| #define HAVE_DLFCN_H 1
| /* end confdefs.h.  */
| #include <ac_nonexistent.h>
configure:8161: checking for objdir
configure:8176: result: .libs
configure:8472: checking if gcc supports -fno-rtti -fno-exceptions
configure:8490: gcc -c -g -O2  -fno-rtti -fno-exceptions conftest.c >&5
cc1: warning: command line option "-fno-rtti" is valid for C++/ObjC++ but not for C
configure:8494: $? = 0
configure:8507: result: no
configure:8527: checking for gcc option to produce PIC
configure:8799: result: -fPIC -DPIC
configure:8811: checking if gcc PIC flag -fPIC -DPIC works
configure:8829: gcc -c -g -O2  -fPIC -DPIC -DPIC conftest.c >&5
configure:8833: $? = 0
configure:8846: result: yes
configure:8870: checking if gcc static flag -static works
configure:8898: result: yes
configure:8913: checking if gcc supports -c -o file.o
configure:8934: gcc -c -g -O2  -o out/conftest2.o conftest.c >&5
configure:8938: $? = 0
configure:8960: result: yes
configure:8968: checking if gcc supports -c -o file.o
configure:9015: result: yes
configure:9048: checking whether the gcc linker (/usr/x86_64-suse-linux/bin/ld -m elf_x86_64) supports shared libraries
configure:10035: result: yes
configure:10072: checking whether -lc should be explicitly linked in
configure:10077: gcc -c -g -O2  conftest.c >&5
configure:10080: $? = 0
configure:10095: gcc -shared conftest.o  -v -Wl,-soname -Wl,conftest -o conftest 2\>\&1 \| /usr/bin/grep  -lc  \>/dev/null 2\>\&1
configure:10098: $? = 0
configure:10110: result: no
configure:10274: checking dynamic linker characteristics
configure:10707: gcc -o conftest -g -O2   -Wl,-rpath -Wl,/foo conftest.c  >&5
configure:10707: $? = 0
configure:10925: result: GNU/Linux ld.so
configure:11027: checking how to hardcode library paths into programs
configure:11052: result: immediate
configure:11572: checking whether stripping libraries is possible
configure:11577: result: yes
configure:11612: checking if libtool supports shared libraries
configure:11614: result: yes
configure:11617: checking whether to build shared libraries
configure:11638: result: yes
configure:11641: checking whether to build static libraries
configure:11645: result: yes
configure:11795: checking for ld used by g++
configure:11862: result: /usr/x86_64-suse-linux/bin/ld -m elf_x86_64
configure:11869: checking if the linker (/usr/x86_64-suse-linux/bin/ld -m elf_x86_64) is GNU ld
configure:11884: result: yes
configure:11939: checking whether the g++ linker (/usr/x86_64-suse-linux/bin/ld -m elf_x86_64) supports shared libraries
configure:12852: result: yes
configure:12880: g++ -c   conftest.cpp >&5
configure:12883: $? = 0
configure:13065: checking for g++ option to produce PIC
configure:13382: result: -fPIC -DPIC
configure:13391: checking if g++ PIC flag -fPIC -DPIC works
configure:13409: g++ -c   -fPIC -DPIC -DPIC conftest.cpp >&5
configure:13413: $? = 0
configure:13426: result: yes
configure:13447: checking if g++ static flag -static works
configure:13475: result: yes
configure:13487: checking if g++ supports -c -o file.o
configure:13508: g++ -c   -o out/conftest2.o conftest.cpp >&5
configure:13512: $? = 0
configure:13534: result: yes
configure:13539: checking if g++ supports -c -o file.o
configure:13586: result: yes
configure:13616: checking whether the g++ linker (/usr/x86_64-suse-linux/bin/ld -m elf_x86_64) supports shared libraries
configure:13642: result: yes
configure:13779: checking dynamic linker characteristics
configure:14160: g++ -o conftest    -Wl,-rpath -Wl,/foo conftest.cpp  >&5
configure:14160: $? = 0
configure:14378: result: GNU/Linux ld.so
configure:14429: checking how to hardcode library paths into programs
configure:14454: result: immediate
configure:14527: checking size of char
configure:14532: g++ -o conftest    conftest.cpp  >&5
configure:14532: $? = 0
configure:14532: ./conftest
configure:14532: $? = 0
configure:14546: result: 1
configure:14560: checking size of short
configure:14565: g++ -o conftest    conftest.cpp  >&5
configure:14565: $? = 0
configure:14565: ./conftest
configure:14565: $? = 0
configure:14579: result: 2
configure:14593: checking size of int
configure:14598: g++ -o conftest    conftest.cpp  >&5
configure:14598: $? = 0
configure:14598: ./conftest
configure:14598: $? = 0
configure:14612: result: 4
configure:14626: checking size of long
configure:14631: g++ -o conftest    conftest.cpp  >&5
configure:14631: $? = 0
configure:14631: ./conftest
configure:14631: $? = 0
configure:14645: result: 8
configure:14659: checking size of long long
configure:14664: g++ -o conftest    conftest.cpp  >&5
configure:14664: $? = 0
configure:14664: ./conftest
configure:14664: $? = 0
configure:14678: result: 8
configure:14692: checking size of __int64
configure:14697: g++ -o conftest    conftest.cpp  >&5
conftest.cpp: In function 'long int longval()':
conftest.cpp:61:57: error: '__int64' was not declared in this scope
conftest.cpp: In function 'long unsigned int ulongval()':
conftest.cpp:62:67: error: '__int64' was not declared in this scope
conftest.cpp: In function 'int main()':
conftest.cpp:72:28: error: '__int64' was not declared in this scope
configure:14697: $? = 1
configure: program exited with status 1
configure: failed program was:
| /* confdefs.h */
| #define PACKAGE_NAME "LinBox"
| #define PACKAGE_TARNAME "linbox"
| #define PACKAGE_VERSION "1.2.1"
| #define PACKAGE_STRING "LinBox 1.2.1"
| #define PACKAGE_BUGREPORT "linbox-use@googlegroups.com"
| #define PACKAGE_URL "http://www.linalg.org/"
| #define PACKAGE "linbox"
| #define VERSION "1.2.1"
| #define STDC_HEADERS 1
| #define HAVE_SYS_TYPES_H 1
| #define HAVE_SYS_STAT_H 1
| #define HAVE_STDLIB_H 1
| #define HAVE_STRING_H 1
| #define HAVE_MEMORY_H 1
| #define HAVE_STRINGS_H 1
| #define HAVE_INTTYPES_H 1
| #define HAVE_STDINT_H 1
| #define HAVE_UNISTD_H 1
| #define HAVE_DLFCN_H 1
| #define LT_OBJDIR ".libs/"
| #define SIZEOF_CHAR 1
| #define SIZEOF_SHORT 2
| #define SIZEOF_INT 4
| #define SIZEOF_LONG 8
| #define SIZEOF_LONG_LONG 8
| /* end confdefs.h.  */
| #include <stdio.h>
| #ifdef HAVE_SYS_TYPES_H
| # include <sys/types.h>
| #endif
| #ifdef HAVE_SYS_STAT_H
| # include <sys/stat.h>
| #endif
| #ifdef STDC_HEADERS
| # include <stdlib.h>
| # include <stddef.h>
| #else
| # ifdef HAVE_STDLIB_H
| #  include <stdlib.h>
| # endif
| #endif
| #ifdef HAVE_STRING_H
| # if !defined STDC_HEADERS && defined HAVE_MEMORY_H
| #  include <memory.h>
| # endif
| # include <string.h>
| #endif
| #ifdef HAVE_STRINGS_H
| # include <strings.h>
| #endif
| #ifdef HAVE_INTTYPES_H
| # include <inttypes.h>
| #endif
| #ifdef HAVE_STDINT_H
| # include <stdint.h>
| #endif
| #ifdef HAVE_UNISTD_H
| # include <unistd.h>
| #endif
| static long int longval () { return (long int) (sizeof (__int64)); }
| static unsigned long int ulongval () { return (long int) (sizeof (__int64)); }
| #include <stdio.h>
| #include <stdlib.h>
| int
| main ()
| {
| 
|   FILE *f = fopen ("conftest.val", "w");
|   if (! f)
|     return 1;
|   if (((long int) (sizeof (__int64))) < 0)
|     {
|       long int i = longval ();
|       if (i != ((long int) (sizeof (__int64))))
| 	return 1;
|       fprintf (f, "%ld", i);
|     }
|   else
|     {
|       unsigned long int i = ulongval ();
|       if (i != ((long int) (sizeof (__int64))))
| 	return 1;
|       fprintf (f, "%lu", i);
|     }
|   /* Do not output a trailing newline, as this causes \r\n confusion
|      on some platforms.  */
|   return ferror (f) || fclose (f) != 0;
| 
|   ;
|   return 0;
| }
configure:14711: result: 0
configure:14723: checking for ANSI C header files
configure:14827: result: yes
configure:14838: checking float.h usability
configure:14838: g++ -c   conftest.cpp >&5
configure:14838: $? = 0
configure:14838: result: yes
configure:14838: checking float.h presence
configure:14838: g++ -E  conftest.cpp
configure:14838: $? = 0
configure:14838: result: yes
configure:14838: checking for float.h
configure:14838: result: yes
configure:14838: checking limits.h usability
configure:14838: g++ -c   conftest.cpp >&5
configure:14838: $? = 0
configure:14838: result: yes
configure:14838: checking limits.h presence
configure:14838: g++ -E  conftest.cpp
configure:14838: $? = 0
configure:14838: result: yes
configure:14838: checking for limits.h
configure:14838: result: yes
configure:14838: checking stddef.h usability
configure:14838: g++ -c   conftest.cpp >&5
configure:14838: $? = 0
configure:14838: result: yes
configure:14838: checking stddef.h presence
configure:14838: g++ -E  conftest.cpp
configure:14838: $? = 0
configure:14838: result: yes
configure:14838: checking for stddef.h
configure:14838: result: yes
configure:14838: checking for stdlib.h
configure:14838: result: yes
configure:14838: checking for string.h
configure:14838: result: yes
configure:14838: checking sys/time.h usability
configure:14838: g++ -c   conftest.cpp >&5
configure:14838: $? = 0
configure:14838: result: yes
configure:14838: checking sys/time.h presence
configure:14838: g++ -E  conftest.cpp
configure:14838: $? = 0
configure:14838: result: yes
configure:14838: checking for sys/time.h
configure:14838: result: yes
configure:14838: checking for stdint.h
configure:14838: result: yes
configure:14851: checking whether byte ordering is bigendian
configure:14866: g++ -c   conftest.cpp >&5
conftest.cpp:38:9: error: expected unqualified-id before 'not' token
configure:14866: $? = 1
configure: failed program was:
| /* confdefs.h */
| #define PACKAGE_NAME "LinBox"
| #define PACKAGE_TARNAME "linbox"
| #define PACKAGE_VERSION "1.2.1"
| #define PACKAGE_STRING "LinBox 1.2.1"
| #define PACKAGE_BUGREPORT "linbox-use@googlegroups.com"
| #define PACKAGE_URL "http://www.linalg.org/"
| #define PACKAGE "linbox"
| #define VERSION "1.2.1"
| #define STDC_HEADERS 1
| #define HAVE_SYS_TYPES_H 1
| #define HAVE_SYS_STAT_H 1
| #define HAVE_STDLIB_H 1
| #define HAVE_STRING_H 1
| #define HAVE_MEMORY_H 1
| #define HAVE_STRINGS_H 1
| #define HAVE_INTTYPES_H 1
| #define HAVE_STDINT_H 1
| #define HAVE_UNISTD_H 1
| #define HAVE_DLFCN_H 1
| #define LT_OBJDIR ".libs/"
| #define SIZEOF_CHAR 1
| #define SIZEOF_SHORT 2
| #define SIZEOF_INT 4
| #define SIZEOF_LONG 8
| #define SIZEOF_LONG_LONG 8
| #define SIZEOF___INT64 0
| #define STDC_HEADERS 1
| #define HAVE_FLOAT_H 1
| #define HAVE_LIMITS_H 1
| #define HAVE_STDDEF_H 1
| #define HAVE_STDLIB_H 1
| #define HAVE_STRING_H 1
| #define HAVE_SYS_TIME_H 1
| #define HAVE_STDINT_H 1
| /* end confdefs.h.  */
| #ifndef __APPLE_CC__
| 	       not a universal capable compiler
| 	     #endif
| 	     typedef int dummy;
| 
configure:14911: g++ -c   conftest.cpp >&5
configure:14911: $? = 0
configure:14929: g++ -c   conftest.cpp >&5
conftest.cpp: In function 'int main()':
conftest.cpp:44:8: error: 'big' was not declared in this scope
conftest.cpp:44:12: error: expected ';' before 'endian'
configure:14929: $? = 1
configure: failed program was:
| /* confdefs.h */
| #define PACKAGE_NAME "LinBox"
| #define PACKAGE_TARNAME "linbox"
| #define PACKAGE_VERSION "1.2.1"
| #define PACKAGE_STRING "LinBox 1.2.1"
| #define PACKAGE_BUGREPORT "linbox-use@googlegroups.com"
| #define PACKAGE_URL "http://www.linalg.org/"
| #define PACKAGE "linbox"
| #define VERSION "1.2.1"
| #define STDC_HEADERS 1
| #define HAVE_SYS_TYPES_H 1
| #define HAVE_SYS_STAT_H 1
| #define HAVE_STDLIB_H 1
| #define HAVE_STRING_H 1
| #define HAVE_MEMORY_H 1
| #define HAVE_STRINGS_H 1
| #define HAVE_INTTYPES_H 1
| #define HAVE_STDINT_H 1
| #define HAVE_UNISTD_H 1
| #define HAVE_DLFCN_H 1
| #define LT_OBJDIR ".libs/"
| #define SIZEOF_CHAR 1
| #define SIZEOF_SHORT 2
| #define SIZEOF_INT 4
| #define SIZEOF_LONG 8
| #define SIZEOF_LONG_LONG 8
| #define SIZEOF___INT64 0
| #define STDC_HEADERS 1
| #define HAVE_FLOAT_H 1
| #define HAVE_LIMITS_H 1
| #define HAVE_STDDEF_H 1
| #define HAVE_STDLIB_H 1
| #define HAVE_STRING_H 1
| #define HAVE_SYS_TIME_H 1
| #define HAVE_STDINT_H 1
| /* end confdefs.h.  */
| #include <sys/types.h>
| 		#include <sys/param.h>
| 
| int
| main ()
| {
| #if BYTE_ORDER != BIG_ENDIAN
| 		 not big endian
| 		#endif
| 
|   ;
|   return 0;
| }
configure:15057: result: no
configure:15215: checking whether to compile the drivers
configure:15227: result: no
configure:15270: checking for GMP >= 3.1.1
configure:15299: g++ -o conftest     conftest.cpp  -lgmpxx -lgmp >&5
configure:15299: $? = 0
configure:15322: g++ -o conftest     conftest.cpp  -lgmpxx -lgmp >&5
configure:15322: $? = 0
configure:15322: ./conftest
configure:15322: $? = 0
configure:15324: result: found
configure:15332: checking whether GMP is 4.0 or greater
configure:15346: g++ -o conftest     conftest.cpp  -lgmpxx -lgmp >&5
configure:15346: $? = 0
configure:15346: ./conftest
configure:15346: $? = 0
configure:15349: result: yes
configure:15352: checking whether GMP was compiled with --enable-cxx
configure:15366: g++ -o conftest     conftest.cpp  -lgmpxx -lgmp >&5
configure:15366: $? = 0
configure:15366: ./conftest
configure:15366: $? = 0
configure:15368: result: yes
configure:15477: checking for IML
configure:15579: result: not found
configure:15620: checking for M4RI
configure:15727: result: not found
configure:15769: checking for NTL >= 5.0
configure:15868: result: not found
configure:15916: checking for GIVARO >= 30400 and < 30600
configure:15944: g++ -o conftest  -I/home/youse/software//include    conftest.cpp  -L/home/youse/software//lib -lgivaro -lgmpxx -lgmp >&5
configure:15944: $? = 0
configure:15960: g++ -o conftest  -I/home/youse/software//include    conftest.cpp  -L/home/youse/software//lib -lgivaro -lgmpxx -lgmp >&5
configure:15960: $? = 0
configure:15960: ./conftest
configure:15960: $? = 0
configure:16001: result: found
configure:16465: checking whether to compile the SAGE interface
configure:16491: result: no
configure:16531: checking for FFLAS-FFPACK
configure:16562: g++ -o conftest  -I/home/youse/software//include -I/home/youse/software/include   conftest.cpp  -L/usr/local/atlas//lib -lcblas -latlas >&5
configure:16562: $? = 0
configure:16601: result: found
configure:16845: checking whether gnuplot works
configure:16850: result: no
configure:16864: checking whether ps2pdf works
configure:16869: result: yes
configure:16887: checking whether to build documentation
configure:16947: result: no
configure:17172: creating ./config.status

## ---------------------- ##
## Running config.status. ##
## ---------------------- ##

This file was extended by LinBox config.status 1.2.1, which was
generated by GNU Autoconf 2.68.  Invocation command line was

  CONFIG_FILES    = 
  CONFIG_HEADERS  = 
  CONFIG_LINKS    = 
  CONFIG_COMMANDS = 
  $ ./config.status 

on capri

config.status:1247: creating Makefile
config.status:1247: creating linbox-config
config.status:1247: creating examples/Makefile
config.status:1247: creating examples/fields/Makefile
config.status:1247: creating examples/Readme-make
config.status:1247: creating doc/Makefile
config.status:1247: creating linbox/Makefile
config.status:1247: creating linbox/algorithms/Makefile
config.status:1247: creating linbox/blackbox/Makefile
config.status:1247: creating linbox/element/Makefile
config.status:1247: creating linbox/field/Makefile
config.status:1247: creating linbox/matrix/Makefile
config.status:1247: creating linbox/randiter/Makefile
config.status:1247: creating linbox/ring/Makefile
config.status:1247: creating linbox/solutions/Makefile
config.status:1247: creating linbox/switch/Makefile
config.status:1247: creating linbox/util/Makefile
config.status:1247: creating linbox/util/formats/Makefile
config.status:1247: creating linbox/vector/Makefile
config.status:1247: creating tests/Makefile
config.status:1247: creating tests/data/Makefile
config.status:1247: creating tests/matrix/Makefile
config.status:1247: creating interfaces/Makefile
config.status:1247: creating interfaces/driver/Makefile
config.status:1247: creating interfaces/maple/Makefile
config.status:1247: creating interfaces/kaapi/Makefile
config.status:1247: creating interfaces/sage/Makefile
config.status:1247: creating macros/Makefile
config.status:1247: creating benchmarks/Makefile
config.status:1247: creating config.h
config.status:1476: executing linbox/linbox-config.h commands
config.status:1514: creating linbox/linbox-config.h - prefix __LINBOX for config.h defines
config.status:1476: executing depfiles commands
config.status:1476: executing libtool commands
configure:19772: WARNING: unrecognized options: --with-blas

## ---------------- ##
## Cache variables. ##
## ---------------- ##

ac_cv_build=x86_64-suse-linux-gnu
ac_cv_c_bigendian=no
ac_cv_c_compiler_gnu=yes
ac_cv_cxx_compiler_gnu=yes
ac_cv_env_CCC_set=
ac_cv_env_CCC_value=
ac_cv_env_CC_set=
ac_cv_env_CC_value=
ac_cv_env_CFLAGS_set=
ac_cv_env_CFLAGS_value=
ac_cv_env_CPPFLAGS_set=
ac_cv_env_CPPFLAGS_value=
ac_cv_env_CXXCPP_set=
ac_cv_env_CXXCPP_value=
ac_cv_env_CXXFLAGS_set=
ac_cv_env_CXXFLAGS_value=
ac_cv_env_CXX_set=
ac_cv_env_CXX_value=
ac_cv_env_LDFLAGS_set=
ac_cv_env_LDFLAGS_value=
ac_cv_env_LIBS_set=
ac_cv_env_LIBS_value=
ac_cv_env_build_alias_set=
ac_cv_env_build_alias_value=
ac_cv_env_host_alias_set=
ac_cv_env_host_alias_value=
ac_cv_env_target_alias_set=
ac_cv_env_target_alias_value=
ac_cv_header_dlfcn_h=yes
ac_cv_header_float_h=yes
ac_cv_header_inttypes_h=yes
ac_cv_header_limits_h=yes
ac_cv_header_memory_h=yes
ac_cv_header_stdc=yes
ac_cv_header_stddef_h=yes
ac_cv_header_stdint_h=yes
ac_cv_header_stdlib_h=yes
ac_cv_header_string_h=yes
ac_cv_header_strings_h=yes
ac_cv_header_sys_stat_h=yes
ac_cv_header_sys_time_h=yes
ac_cv_header_sys_types_h=yes
ac_cv_header_unistd_h=yes
ac_cv_host=x86_64-suse-linux-gnu
ac_cv_objext=o
ac_cv_path_EGREP='/usr/bin/grep -E'
ac_cv_path_FGREP='/usr/bin/grep -F'
ac_cv_path_GREP=/usr/bin/grep
ac_cv_path_RM=/bin/rm
ac_cv_path_SED=/usr/bin/sed
ac_cv_path_install='/usr/bin/install -c'
ac_cv_path_mkdir=/bin/mkdir
ac_cv_prog_AWK=gawk
ac_cv_prog_CXXCPP='g++ -E'
ac_cv_prog_ac_ct_AR=ar
ac_cv_prog_ac_ct_CC=gcc
ac_cv_prog_ac_ct_CXX=g++
ac_cv_prog_ac_ct_OBJDUMP=objdump
ac_cv_prog_ac_ct_RANLIB=ranlib
ac_cv_prog_ac_ct_STRIP=strip
ac_cv_prog_cc_c89=
ac_cv_prog_cc_g=yes
ac_cv_prog_cxx_g=yes
ac_cv_prog_make_make_set=yes
ac_cv_sizeof___int64=0
ac_cv_sizeof_char=1
ac_cv_sizeof_int=4
ac_cv_sizeof_long=8
ac_cv_sizeof_long_long=8
ac_cv_sizeof_short=2
lt_cv_deplibs_check_method=pass_all
lt_cv_file_magic_cmd='$MAGIC_CMD'
lt_cv_file_magic_test_file=
lt_cv_ld_reload_flag=-r
lt_cv_nm_interface='BSD nm'
lt_cv_objdir=.libs
lt_cv_path_LD=/usr/x86_64-suse-linux/bin/ld
lt_cv_path_LDCXX='/usr/x86_64-suse-linux/bin/ld -m elf_x86_64'
lt_cv_path_NM='/usr/bin/nm -B'
lt_cv_prog_compiler_c_o=yes
lt_cv_prog_compiler_c_o_CXX=yes
lt_cv_prog_compiler_pic_works=yes
lt_cv_prog_compiler_pic_works_CXX=yes
lt_cv_prog_compiler_rtti_exceptions=no
lt_cv_prog_compiler_static_works=yes
lt_cv_prog_compiler_static_works_CXX=yes
lt_cv_prog_gnu_ld=yes
lt_cv_prog_gnu_ldcxx=yes
lt_cv_sys_global_symbol_pipe='sed -n -e '\''s/^.*[	 ]\([ABCDGIRSTW][ABCDGIRSTW]*\)[	 ][	 ]*\([_A-Za-z][_A-Za-z0-9]*\)$/\1 \2 \2/p'\'''
lt_cv_sys_global_symbol_to_c_name_address='sed -n -e '\''s/^: \([^ ]*\) $/  {\"\1\", (void *) 0},/p'\'' -e '\''s/^[ABCDGIRSTW]* \([^ ]*\) \([^ ]*\)$/  {"\2", (void *) \&\2},/p'\'''
lt_cv_sys_global_symbol_to_c_name_address_lib_prefix='sed -n -e '\''s/^: \([^ ]*\) $/  {\"\1\", (void *) 0},/p'\'' -e '\''s/^[ABCDGIRSTW]* \([^ ]*\) \(lib[^ ]*\)$/  {"\2", (void *) \&\2},/p'\'' -e '\''s/^[ABCDGIRSTW]* \([^ ]*\) \([^ ]*\)$/  {"lib\2", (void *) \&\2},/p'\'''
lt_cv_sys_global_symbol_to_cdecl='sed -n -e '\''s/^T .* \(.*\)$/extern int \1();/p'\'' -e '\''s/^[ABCDGIRSTW]* .* \(.*\)$/extern char \1;/p'\'''
lt_cv_sys_max_cmd_len=1572864

## ----------------- ##
## Output variables. ##
## ----------------- ##

ACLOCAL='${SHELL} /home/mwezz/Downloads/linbox_branch/build-aux/missing --run aclocal-1.11 -I macros'
AMDEPBACKSLASH='\'
AMDEP_FALSE='#'
AMDEP_TRUE=''
AMTAR='${SHELL} /home/mwezz/Downloads/linbox_branch/build-aux/missing --run tar'
AR='ar'
AUTOCONF='${SHELL} /home/mwezz/Downloads/linbox_branch/build-aux/missing --run autoconf'
AUTOHEADER='${SHELL} /home/mwezz/Downloads/linbox_branch/build-aux/missing --run autoheader'
AUTOMAKE='${SHELL} /home/mwezz/Downloads/linbox_branch/build-aux/missing --run automake-1.11'
AWK='gawk'
BLAS_CFLAGS='-I/home/youse/software/include'
BLAS_LIBS='-L/usr/local/atlas//lib -lcblas -latlas'
CC='gcc'
CCNAM='gcc'
CFLAGS='-g -O2'
CPPFLAGS=''
CXX='g++'
CXXCPP='g++ -E'
CXXFLAGS=' '
CYGPATH_W='echo'
DBG='no'
DEBUG_CFLAGS='-g -DNDEBUG -U_LB_DEBUG'
DEBUG_FALSE=''
DEBUG_TRUE='#'
DEFAULT_CFLAGS='-O2 -pipe  -Wall -g -DNDEBUG -U_LB_DEBUG'
DEFS='-DHAVE_CONFIG_H'
DSYMUTIL=''
DUMPBIN=''
ECHO_C=''
ECHO_N='-n'
ECHO_T=''
EGREP='/usr/bin/grep -E'
EXEEXT=''
EXPAT_CFLAGS=''
EXPAT_LIBS=''
FFLAS_FFPACK_CFLAGS='-I/home/youse/software//include'
FFLAS_FFPACK_LIBS=''
FFLAS_FFPACK_LOC='/home/youse/software/'
FGREP='/usr/bin/grep -F'
GIVARO_CFLAGS='-I/home/youse/software//include'
GIVARO_LIBS='-L/home/youse/software//lib -lgivaro'
GMP_CFLAGS=''
GMP_LIBS='-lgmpxx -lgmp'
GMP_VERSION=''
GREP='/usr/bin/grep'
IML_CFLAGS=''
IML_LIBS=''
INSIDE_GNOME_COMMON_FALSE=''
INSIDE_GNOME_COMMON_TRUE='#'
INSTALL_DATA='${INSTALL} -m 644'
INSTALL_PROGRAM='${INSTALL}'
INSTALL_SCRIPT='${INSTALL}'
INSTALL_STRIP_PROGRAM='$(install_sh) -c -s'
LD='/usr/x86_64-suse-linux/bin/ld -m elf_x86_64'
LDFLAGS=''
LIBOBJS=''
LIBS=''
LIBTOOL='$(SHELL) $(top_builddir)/libtool'
LIDIA_CFLAGS=''
LIDIA_LIBS=''
LINBOX_BENCH_PATH='/home/mwezz/LinBox/benchmarks'
LINBOX_BUILD_DOC_FALSE=''
LINBOX_BUILD_DOC_TRUE='#'
LINBOX_COMPILE_DRIVERS_FALSE=''
LINBOX_COMPILE_DRIVERS_TRUE='#'
LINBOX_DOC_PATH='/home/mwezz/LinBox/doc'
LINBOX_HAVE_EXPAT_FALSE=''
LINBOX_HAVE_EXPAT_TRUE='#'
LINBOX_HAVE_FFLAS_FFPACK_FALSE='#'
LINBOX_HAVE_FFLAS_FFPACK_TRUE=''
LINBOX_HAVE_GIVARO_FALSE='#'
LINBOX_HAVE_GIVARO_TRUE=''
LINBOX_HAVE_IML_FALSE=''
LINBOX_HAVE_IML_TRUE='#'
LINBOX_HAVE_LIDIA_FALSE=''
LINBOX_HAVE_LIDIA_TRUE='#'
LINBOX_HAVE_M4RI_FALSE=''
LINBOX_HAVE_M4RI_TRUE='#'
LINBOX_HAVE_MAPLE_FALSE=''
LINBOX_HAVE_MAPLE_TRUE='#'
LINBOX_HAVE_NTL_FALSE=''
LINBOX_HAVE_NTL_TRUE='#'
LINBOX_HAVE_SACLIB_FALSE=''
LINBOX_HAVE_SACLIB_TRUE='#'
LINBOX_HAVE_SAGE_FALSE=''
LINBOX_HAVE_SAGE_TRUE='#'
LIPO=''
LN_S='ln -s'
LTLIBOBJS=''
M4RI_CFLAGS=''
M4RI_LIBS=''
MAINT=''
MAINTAINER_MODE_FALSE='#'
MAINTAINER_MODE_TRUE=''
MAKEINFO='${SHELL} /home/mwezz/Downloads/linbox_branch/build-aux/missing --run makeinfo'
MAPLE_CFLAGS=''
MAPLE_HOME=''
MAPLE_LIBS=''
MAPLE_VERSION=''
MKDIR_P='/bin/mkdir -p'
NM='/usr/bin/nm -B'
NMEDIT=''
NTL_CFLAGS=''
NTL_LIBS=''
OBJDUMP='objdump'
OBJEXT='o'
OTOOL64=''
OTOOL=''
PACKAGE='linbox'
PACKAGE_BUGREPORT='linbox-use@googlegroups.com'
PACKAGE_NAME='LinBox'
PACKAGE_STRING='LinBox 1.2.1'
PACKAGE_TARNAME='linbox'
PACKAGE_URL='http://www.linalg.org/'
PACKAGE_VERSION='1.2.1'
PATH_SEPARATOR=':'
PROF='no'
PROFILE_FALSE=''
PROFILE_TRUE='#'
RANLIB='ranlib'
RM='/bin/rm -f'
SACLIB_CFLAGS=''
SACLIB_LIBS=''
SED='/usr/bin/sed'
SET_MAKE=''
SHELL='/bin/sh'
STRIP='strip'
TESTS_CFLAGS='-O0 -Wall -g -DNDEBUG -U_LB_DEBUG'
VERSION='1.2.1'
WARN='no'
ac_ct_CC='gcc'
ac_ct_CXX='g++'
ac_ct_DUMPBIN=''
am__EXEEXT_FALSE=''
am__EXEEXT_TRUE='#'
am__isrc=''
am__leading_dot='.'
am__tar='${AMTAR} chof - "$$tardir"'
am__untar='${AMTAR} xf -'
bindir='${exec_prefix}/bin'
build='x86_64-suse-linux-gnu'
build_alias=''
build_cpu='x86_64'
build_os='linux-gnu'
build_vendor='suse'
datadir='${datarootdir}'
datarootdir='${prefix}/share'
docdir='${datarootdir}/doc/${PACKAGE_TARNAME}'
dvidir='${docdir}'
exec_prefix='${prefix}'
host='x86_64-suse-linux-gnu'
host_alias=''
host_cpu='x86_64'
host_os='linux-gnu'
host_vendor='suse'
htmldir='${docdir}'
includedir='${prefix}/include'
infodir='${datarootdir}/info'
install_sh='${SHELL} /home/mwezz/Downloads/linbox_branch/build-aux/install-sh'
libdir='${exec_prefix}/lib'
libexecdir='${exec_prefix}/libexec'
localedir='${datarootdir}/locale'
localstatedir='${prefix}/var'
lt_ECHO='echo'
mandir='${datarootdir}/man'
mkdir_p='/bin/mkdir -p'
oldincludedir='/usr/include'
pdfdir='${docdir}'
prefix='/home/mwezz/LinBox'
program_transform_name='s,x,x,'
psdir='${docdir}'
sbindir='${exec_prefix}/sbin'
sharedstatedir='${prefix}/com'
sysconfdir='${prefix}/etc'
target_alias=''

## ----------- ##
## confdefs.h. ##
## ----------- ##

/* confdefs.h */
#define PACKAGE_NAME "LinBox"
#define PACKAGE_TARNAME "linbox"
#define PACKAGE_VERSION "1.2.1"
#define PACKAGE_STRING "LinBox 1.2.1"
#define PACKAGE_BUGREPORT "linbox-use@googlegroups.com"
#define PACKAGE_URL "http://www.linalg.org/"
#define PACKAGE "linbox"
#define VERSION "1.2.1"
#define STDC_HEADERS 1
#define HAVE_SYS_TYPES_H 1
#define HAVE_SYS_STAT_H 1
#define HAVE_STDLIB_H 1
#define HAVE_STRING_H 1
#define HAVE_MEMORY_H 1
#define HAVE_STRINGS_H 1
#define HAVE_INTTYPES_H 1
#define HAVE_STDINT_H 1
#define HAVE_UNISTD_H 1
#define HAVE_DLFCN_H 1
#define LT_OBJDIR ".libs/"
#define SIZEOF_CHAR 1
#define SIZEOF_SHORT 2
#define SIZEOF_INT 4
#define SIZEOF_LONG 8
#define SIZEOF_LONG_LONG 8
#define SIZEOF___INT64 0
#define STDC_HEADERS 1
#define HAVE_FLOAT_H 1
#define HAVE_LIMITS_H 1
#define HAVE_STDDEF_H 1
#define HAVE_STDLIB_H 1
#define HAVE_STRING_H 1
#define HAVE_SYS_TIME_H 1
#define HAVE_STDINT_H 1
#define HAVE_LITTLE_ENDIAN 1
#define INT8 char
#define INT16 short
#define INT32 int
#define INT64 long
#define HAVE_GMP 1
#define HAVE_GIVARO 1
#define HAVE_FFLAS_FFPACK 1
#define FFLAS_FFPACK_VERSION 10403
#define HAVE_GHOSTSCRIPT 1

configure: exit 0

## ---------------------- ##
## Running config.status. ##
## ---------------------- ##

This file was extended by LinBox config.status 1.2.1, which was
generated by GNU Autoconf 2.68.  Invocation command line was

  CONFIG_FILES    = 
  CONFIG_HEADERS  = 
  CONFIG_LINKS    = 
  CONFIG_COMMANDS = 
  $ ./config.status config.h

on capri

config.status:1247: creating config.h
config.status:1428: config.h is unchanged
